0 info it worked if it ends with ok
1 verbose cli [ '/usr/local/bin/node', '/usr/local/bin/npm', 'publish' ]
2 info using npm@3.8.6
3 info using node@v5.9.0
4 verbose publish [ '.' ]
5 silly cache add args [ '.', null ]
6 verbose cache add spec .
7 silly cache add parsed spec Result {
7 silly cache add   raw: '.',
7 silly cache add   scope: null,
7 silly cache add   name: null,
7 silly cache add   rawSpec: '.',
7 silly cache add   spec: '/Users/freeman/Projects/freeman-industries/freeman-slack',
7 silly cache add   type: 'directory' }
8 verbose addLocalDirectory /Users/freeman/.npm/freeman-slack/1.0.0/package.tgz not in flight; packing
9 verbose correctMkdir /Users/freeman/.npm correctMkdir not in flight; initializing
10 info lifecycle freeman-slack@1.0.0~prepublish: freeman-slack@1.0.0
11 silly lifecycle freeman-slack@1.0.0~prepublish: no script for prepublish, continuing
12 verbose tar pack [ '/Users/freeman/.npm/freeman-slack/1.0.0/package.tgz',
12 verbose tar pack   '/Users/freeman/Projects/freeman-industries/freeman-slack' ]
13 verbose tarball /Users/freeman/.npm/freeman-slack/1.0.0/package.tgz
14 verbose folder /Users/freeman/Projects/freeman-industries/freeman-slack
15 verbose addLocalTarball adding from inside cache /Users/freeman/.npm/freeman-slack/1.0.0/package.tgz
16 verbose correctMkdir /Users/freeman/.npm correctMkdir not in flight; initializing
17 silly cache afterAdd freeman-slack@1.0.0
18 verbose afterAdd /Users/freeman/.npm/freeman-slack/1.0.0/package/package.json not in flight; writing
19 verbose correctMkdir /Users/freeman/.npm correctMkdir not in flight; initializing
20 verbose afterAdd /Users/freeman/.npm/freeman-slack/1.0.0/package/package.json written
21 silly publish { name: 'freeman-slack',
21 silly publish   version: '1.0.0',
21 silly publish   description: 'publish a message to multiple Slack channels/accounts simultaneously',
21 silly publish   main: 'index.js',
21 silly publish   scripts: { test: 'echo "Error: no test specified" && exit 1' },
21 silly publish   repository:
21 silly publish    { type: 'git',
21 silly publish      url: 'git+ssh://git@github.com/freeman-industries/freeman-slack.git' },
21 silly publish   keywords: [ 'slack' ],
21 silly publish   author:
21 silly publish    { name: 'Freeman Industries',
21 silly publish      email: 'nabil@instafork.com',
21 silly publish      url: 'http://freemans.website' },
21 silly publish   license: 'ISC',
21 silly publish   bugs: { url: 'https://github.com/freeman-industries/freeman-slack/issues' },
21 silly publish   homepage: 'https://github.com/freeman-industries/freeman-slack#readme',
21 silly publish   dependencies: { 'slack-notify': '^0.1.6' },
21 silly publish   readme: '# freeman-slack 🐸\nPublish messages to multiple Slack accounts &amp; channels simultaneously.\n\n# use case\nThis is a wrapper for `slack-notify` (NPM module) with the added advantage of publishing to multiple accounts.\n\nWe use this so we can receive info and bug messages in the Freeman Industries Slack, and simultaneously publish the same messages to a channel our clients\' Slack channels.\n\nSomeone who needs to publish a message to more than one Slack account will find this useful.\n\n# initializing\n```\nvar product_name = "A Freeman Industries node.js app";\n\nvar accounts = [{\n    name: "Freeman Industries",\n    channel: "#dedicated-app-channel",\n    info_emoji: ":muscle:",\n    bug_emoji: ":scream:",\n    hook: "https://hooks.slack.com/services/..."\n}, {\n    name: "Client",\n    channel: "#app-freeman-industries-made-for-us",\n    info_emoji: ":ocean:",\n    bug_emoji: ":volcano:",\n    hook: "https://hooks.slack.com/services/..."\n}]\n\nvar slack = require(\'freeman-slack\')(product_name, accounts);\n```\n\n# available commands\n\n## `slack.info`\nHere\'s how we usually use it. `text` and `fields` are both required, even if empty string/object. You can have as many fields as you like. In this example `product_name` is a global, and `message` is a JS object that\'s been passed to a function. \n```\nslack.info({\n  text: \'Info message on \' + product_name + \'!\',\n  fields: {\n      \'Body\': id,\n      \'More info\': JSON.stringify(message)\n  }\n});\n```\n\n## `slack.bug`\nPretty much the same as above. Customize to your heart\'s content!!\n```\nslack.bug({\n  text: \'New bug on \' + product_name + \'!\',\n  fields: {\n      \'Function\': id,\n      \'Error body\': JSON.stringify(message)\n  }\n});\n```\n\n# contributions\n\nAll contributions are welcome 🌞\n',
21 silly publish   readmeFilename: 'README.md',
21 silly publish   gitHead: '4e8a2777845685c14c0d830a6515fa8bbedbc45e',
21 silly publish   _id: 'freeman-slack@1.0.0',
21 silly publish   _shasum: '7d72bd9df041a8d4619bb9db236fd67954f841b9',
21 silly publish   _from: '.' }
22 verbose getPublishConfig undefined
23 silly mapToRegistry name freeman-slack
24 silly mapToRegistry using default registry
25 silly mapToRegistry registry https://registry.npmjs.org/
26 silly mapToRegistry data Result {
26 silly mapToRegistry   raw: 'freeman-slack',
26 silly mapToRegistry   scope: null,
26 silly mapToRegistry   name: 'freeman-slack',
26 silly mapToRegistry   rawSpec: '',
26 silly mapToRegistry   spec: 'latest',
26 silly mapToRegistry   type: 'tag' }
27 silly mapToRegistry uri https://registry.npmjs.org/freeman-slack
28 verbose publish registryBase https://registry.npmjs.org/
29 silly publish uploading /Users/freeman/.npm/freeman-slack/1.0.0/package.tgz
30 verbose request uri https://registry.npmjs.org/freeman-slack
31 verbose request sending authorization for write operation
32 info attempt registry request try #1 at 1:32:45 PM
33 verbose request using bearer token for auth
34 verbose request id 59c39df966caa0cc
35 http request PUT https://registry.npmjs.org/freeman-slack
36 http 403 https://registry.npmjs.org/freeman-slack
37 verbose headers { 'content-type': 'application/json',
37 verbose headers   'cache-control': 'max-age=300',
37 verbose headers   'content-length': '95',
37 verbose headers   'accept-ranges': 'bytes',
37 verbose headers   date: 'Sat, 11 Jun 2016 05:28:23 GMT',
37 verbose headers   via: '1.1 varnish',
37 verbose headers   connection: 'keep-alive',
37 verbose headers   'x-served-by': 'cache-itm7421-ITM',
37 verbose headers   'x-cache': 'MISS',
37 verbose headers   'x-cache-hits': '0',
37 verbose headers   'x-timer': 'S1465622902.420123,VS0,VE638',
37 verbose headers   vary: 'Accept-Encoding' }
38 verbose request invalidating /Users/freeman/.npm/registry.npmjs.org/freeman-slack on PUT
39 error publish Failed PUT 403
40 verbose stack Error: "You cannot publish over the previously published version 1.0.0." : freeman-slack
40 verbose stack     at makeError (/usr/local/lib/node_modules/npm/node_modules/npm-registry-client/lib/request.js:264:12)
40 verbose stack     at CachingRegistryClient.<anonymous> (/usr/local/lib/node_modules/npm/node_modules/npm-registry-client/lib/request.js:252:14)
40 verbose stack     at Request._callback (/usr/local/lib/node_modules/npm/node_modules/npm-registry-client/lib/request.js:172:14)
40 verbose stack     at Request.self.callback (/usr/local/lib/node_modules/npm/node_modules/request/request.js:199:22)
40 verbose stack     at emitTwo (events.js:100:13)
40 verbose stack     at Request.emit (events.js:185:7)
40 verbose stack     at Request.<anonymous> (/usr/local/lib/node_modules/npm/node_modules/request/request.js:1036:10)
40 verbose stack     at emitOne (events.js:95:20)
40 verbose stack     at Request.emit (events.js:182:7)
40 verbose stack     at IncomingMessage.<anonymous> (/usr/local/lib/node_modules/npm/node_modules/request/request.js:963:12)
41 verbose statusCode 403
42 verbose pkgid freeman-slack
43 verbose cwd /Users/freeman/Projects/freeman-industries/freeman-slack
44 error Darwin 15.4.0
45 error argv "/usr/local/bin/node" "/usr/local/bin/npm" "publish"
46 error node v5.9.0
47 error npm  v3.8.6
48 error code E403
49 error "You cannot publish over the previously published version 1.0.0." : freeman-slack
50 error If you need help, you may report this error at:
50 error     <https://github.com/npm/npm/issues>
51 verbose exit [ 1, true ]
